<?xml version="1.0" encoding="UTF-8"?>
<!-- Generated by org.testng.reporters.JUnitReportReporter -->
<testsuite hostname="QSP" failures="0" tests="1" name="com.TestYantra.USAP1Project.scripts.GetOperation" time="0.429" errors="0" timestamp="2021-07-27T08:14:06 IST" skipped="0">
  <testcase classname="com.TestYantra.USAP1Project.scripts.GetOperation" name="tc1" time="0.429"/>
</testsuite> <!-- com.TestYantra.USAP1Project.scripts.GetOperation -->
