<?xml version="1.0" encoding="UTF-8"?>
<!-- Generated by org.testng.reporters.JUnitReportReporter -->
<testsuite hostname="QSP" failures="0" tests="1" name="com.TestYantra.USAP1Project.scripts.DeleteOperation" time="5.841" errors="0" timestamp="2021-07-27T08:09:43 IST" skipped="0">
  <testcase classname="com.TestYantra.USAP1Project.scripts.DeleteOperation" name="tc3" time="5.841"/>
</testsuite> <!-- com.TestYantra.USAP1Project.scripts.DeleteOperation -->
