<?xml version="1.0" encoding="UTF-8"?>
<!-- Generated by org.testng.reporters.JUnitReportReporter -->
<testsuite hostname="QSP" failures="0" tests="1" name="com.TestYantra.USAP1Project.scripts.PostOperation" time="4.037" errors="0" timestamp="2021-07-27T07:56:16 IST" skipped="0">
  <testcase classname="com.TestYantra.USAP1Project.scripts.PostOperation" name="tc2" time="4.037"/>
</testsuite> <!-- com.TestYantra.USAP1Project.scripts.PostOperation -->
