<?xml version="1.0" encoding="UTF-8"?>
<!-- Generated by org.testng.reporters.JUnitReportReporter -->
<testsuite hostname="QSP" failures="0" tests="1" name="com.TestYantra.USAP1Project.scripts.PostOperation" time="12.632" errors="0" timestamp="2021-07-27T08:14:06 IST" skipped="0">
  <testcase classname="com.TestYantra.USAP1Project.scripts.PostOperation" name="tc2" time="12.632"/>
</testsuite> <!-- com.TestYantra.USAP1Project.scripts.PostOperation -->
