<?xml version="1.0" encoding="UTF-8"?>
<!-- Generated by org.testng.reporters.JUnitReportReporter -->
<testsuite hostname="QSP" failures="0" tests="1" name="com.TestYantra.USAP1Project.scripts.PatchOpertion" time="5.968" errors="0" timestamp="2021-07-22T08:28:09 IST" skipped="0">
  <testcase classname="com.TestYantra.USAP1Project.scripts.PatchOpertion" name="tc3" time="5.968"/>
</testsuite> <!-- com.TestYantra.USAP1Project.scripts.PatchOpertion -->
